%!Adobe-FontList 1.16
%Locale:0x409

%BeginFont
Handler:DirectoryHandler
FontType:TrueType
FontName:Arial-BoldMT
FamilyName:Arial
StyleName:Bold
MenuName:Arial
StyleBits:2
WeightClass:700
WidthClass:5
AngleClass:0
FullName:Arial Bold
WritingScript:Roman
OutlineFileName:\Arial Bold.ttf
DataFormat:sfntData
FileLength:751104
FileModTime:1299744000
NameArray:0,Mac,4,Arial Bold
NameArray:0,Win,1,Arial
%EndFont

%BeginFont
Handler:DirectoryHandler
FontType:TrueType
FontName:Arial-ItalicMT
FamilyName:Arial
StyleName:Italic
MenuName:Arial
StyleBits:1
WeightClass:400
WidthClass:5
AngleClass:1
FullName:Arial Italic
WritingScript:Roman
OutlineFileName:\Arial Italic.ttf
DataFormat:sfntData
FileLength:557760
FileModTime:1299744000
NameArray:0,Mac,4,Arial Italic
NameArray:0,Win,1,Arial
%EndFont

%BeginFont
Handler:DirectoryHandler
FontType:TrueType
FontName:ArialMT
FamilyName:Arial
StyleName:Regular
MenuName:Arial
StyleBits:0
WeightClass:400
WidthClass:5
AngleClass:0
FullName:Arial
WritingScript:Roman
OutlineFileName:\Arial.ttf
DataFormat:sfntData
FileLength:774476
FileModTime:1299744000
NameArray:0,Mac,4,Arial
NameArray:0,Win,1,Arial
%EndFont

%BeginFont
Handler:DirectoryHandler
FontType:TrueType
FontName:Poppins
FamilyName:Poppins
StyleName:Bold
MenuName:Poppins
StyleBits:0
WeightClass:700
WidthClass:5
AngleClass:0
FullName:Poppins Bold
WritingScript:Roman
OutlineFileName:\Poppins-Bold.ttf
DataFormat:sfntData
FileLength:277756
FileModTime:1441050280
NameArray:0,Win,1,Poppins
%EndFont

%BeginFont
Handler:DirectoryHandler
FontType:TrueType
FontName:Poppins-Light
FamilyName:Poppins
StyleName:Light
MenuName:Poppins Light
StyleBits:0
WeightClass:300
WidthClass:5
AngleClass:0
FullName:Poppins Light
WritingScript:Roman
OutlineFileName:\Poppins-Light.ttf
DataFormat:sfntData
FileLength:249292
FileModTime:1441050280
NameArray:0,Win,1,Poppins Light
NameArray:0,Win,16,Poppins
%EndFont

%BeginFont
Handler:DirectoryHandler
FontType:TrueType
FontName:Poppins-Medium
FamilyName:Poppins
StyleName:Medium
MenuName:Poppins Medium
StyleBits:0
WeightClass:500
WidthClass:5
AngleClass:0
FullName:Poppins Medium
WritingScript:Roman
OutlineFileName:\Poppins-Medium.ttf
DataFormat:sfntData
FileLength:275044
FileModTime:1441050280
NameArray:0,Win,1,Poppins Medium
NameArray:0,Win,16,Poppins
%EndFont

%BeginFont
Handler:DirectoryHandler
FontType:TrueType
FontName:Times-Roman
FamilyName:Times
StyleName:Regular
MenuName:Times
StyleBits:0
WeightClass:400
WidthClass:5
AngleClass:0
FullName:Times Roman
WritingScript:Roman
OutlineFileName:\Times.dfont
DataFormat:sfntResource
ResourceID:13494
FileLength:1618969
FileModTime:1426751344
NameArray:0,Mac,4,Times Roman
%EndFont

%BeginFont
Handler:DirectoryHandler
FontType:TrueType
FontName:Times-Bold
FamilyName:Times
StyleName:Bold
MenuName:Times
StyleBits:2
WeightClass:700
WidthClass:5
AngleClass:0
FullName:Times Bold
WritingScript:Roman
OutlineFileName:\Times.dfont
DataFormat:sfntResource
ResourceID:16697
FileLength:1618969
FileModTime:1426751344
NameArray:0,Mac,4,Times Bold
NameArray:0,Mac,4,Times Gras
NameArray:0,Mac,4,Times Fett
NameArray:0,Mac,4,Times grassetto
NameArray:0,Mac,4,Times vet
NameArray:0,Mac,4,Times Fet
NameArray:0,Mac,4,Times Negrita
NameArray:0,Mac,4,Times Fed
NameArray:0,Mac,4,Times Carregado
NameArray:0,Mac,4,Times Halvfet
NameArray:0,Mac,4,Times lihava
%EndFont

%BeginFont
Handler:DirectoryHandler
FontType:TrueType
FontName:Times-Italic
FamilyName:Times
StyleName:Italic
MenuName:Times
StyleBits:1
WeightClass:400
WidthClass:5
AngleClass:1
FullName:Times Italic
WritingScript:Roman
OutlineFileName:\Times.dfont
DataFormat:sfntResource
ResourceID:21585
FileLength:1618969
FileModTime:1426751344
NameArray:0,Mac,4,Times Italic
NameArray:0,Mac,4,Times Italique
NameArray:0,Mac,4,Times Kursiv
NameArray:0,Mac,4,Times corsivo
NameArray:0,Mac,4,Times cursief
NameArray:0,Mac,4,Times Kursiv
NameArray:0,Mac,4,Times Cursiva
NameArray:0,Mac,4,Times kursiv
NameArray:0,Mac,4,Times Itálico
NameArray:0,Mac,4,Times kursiv
NameArray:0,Mac,4,Times kursiivi
%EndFont

%BeginFont
Handler:DirectoryHandler
FontType:TrueType
FontName:Times-BoldItalic
FamilyName:Times
StyleName:Bold Italic
MenuName:Times
StyleBits:3
WeightClass:700
WidthClass:5
AngleClass:1
FullName:Times Bold Italic
WritingScript:Roman
OutlineFileName:\Times.dfont
DataFormat:sfntResource
ResourceID:22219
FileLength:1618969
FileModTime:1426751344
NameArray:0,Mac,4,Times Bold Italic
NameArray:0,Mac,4,Times Gras italique
NameArray:0,Mac,4,Times Fett Kursiv
NameArray:0,Mac,4,Times grassetto corsivo
NameArray:0,Mac,4,Times vet-cursief
NameArray:0,Mac,4,Times Fet Kursiv
NameArray:0,Mac,4,Times Negrita Cursiva
NameArray:0,Mac,4,Times Fed kursiv
NameArray:0,Mac,4,Times Carregado Itálico
NameArray:0,Mac,4,Times Halvfet kursiv
NameArray:0,Mac,4,Times lihava kursiivi
%EndFont

%BeginFont
Handler:DirectoryHandler
FontType:Suitcase
FontName:Times-Roman
OutlineFileName:\Times.dfont
ResourceID:20
MacStyle:0
FileLength:1618969
FileModTime:1426751344
%EndFont

%BeginFont
Handler:DirectoryHandler
FontType:Suitcase
FontName:Times-Bold
OutlineFileName:\Times.dfont
ResourceID:20
MacStyle:1
FileLength:1618969
FileModTime:1426751344
%EndFont

%BeginFont
Handler:DirectoryHandler
FontType:Suitcase
FontName:Times-Italic
OutlineFileName:\Times.dfont
ResourceID:20
MacStyle:2
FileLength:1618969
FileModTime:1426751344
%EndFont

%BeginFont
Handler:DirectoryHandler
FontType:Suitcase
FontName:Times-BoldItalic
OutlineFileName:\Times.dfont
ResourceID:20
MacStyle:3
FileLength:1618969
FileModTime:1426751344
%EndFont

