%!Adobe-FontList 1.16
%Locale:0x409

%BeginFont
Handler:DirectoryHandler
FontType:TrueType
FontName:ArialMT
FamilyName:Arial
StyleName:Regular
MenuName:Arial
StyleBits:0
WeightClass:400
WidthClass:5
AngleClass:0
FullName:Arial
WritingScript:Roman
OutlineFileName:\Arial.ttf
DataFormat:sfntData
FileLength:774476
FileModTime:1299744000
NameArray:0,Mac,4,Arial
NameArray:0,Win,1,Arial
%EndFont

%BeginFont
Handler:DirectoryHandler
FontType:TrueType
FontName:Cormorant-Bold
FamilyName:Cormorant
StyleName:Bold
MenuName:Cormorant
StyleBits:2
WeightClass:700
WidthClass:5
AngleClass:0
FullName:Cormorant Bold
WritingScript:Roman
OutlineFileName:\Cormorant-Bold.ttf
DataFormat:sfntData
FileLength:421204
FileModTime:1465948800
NameArray:0,Mac,4,Cormorant Bold
NameArray:0,Win,1,Cormorant
%EndFont

%BeginFont
Handler:DirectoryHandler
FontType:TrueType
FontName:Karla-Bold
FamilyName:Karla
StyleName:Bold
MenuName:Karla
StyleBits:2
WeightClass:700
WidthClass:5
AngleClass:0
FullName:Karla Bold
WritingScript:Roman
OutlineFileName:\Karla-Bold.ttf
DataFormat:sfntData
FileLength:17868
FileModTime:1470724750
NameArray:0,Mac,4,Karla Bold
NameArray:0,Win,1,Karla
%EndFont

%BeginFont
Handler:DirectoryHandler
FontType:TrueType
FontName:Karla-Regular
FamilyName:Karla
StyleName:Regular
MenuName:Karla
StyleBits:0
WeightClass:400
WidthClass:5
AngleClass:0
FullName:Karla
WritingScript:Roman
OutlineFileName:\Karla-Regular.ttf
DataFormat:sfntData
FileLength:16816
FileModTime:1470724750
NameArray:0,Mac,4,Karla
NameArray:0,Win,1,Karla
%EndFont

%BeginFont
Handler:DirectoryHandler
FontType:TrueType
FontName:Poppins
FamilyName:Poppins
StyleName:Bold
MenuName:Poppins
StyleBits:0
WeightClass:700
WidthClass:5
AngleClass:0
FullName:Poppins Bold
WritingScript:Roman
OutlineFileName:\Poppins-Bold.ttf
DataFormat:sfntData
FileLength:277756
FileModTime:1441050280
NameArray:0,Win,1,Poppins
%EndFont

%BeginFont
Handler:DirectoryHandler
FontType:TrueType
FontName:Poppins-Medium
FamilyName:Poppins
StyleName:Medium
MenuName:Poppins Medium
StyleBits:0
WeightClass:500
WidthClass:5
AngleClass:0
FullName:Poppins Medium
WritingScript:Roman
OutlineFileName:\Poppins-Medium.ttf
DataFormat:sfntData
FileLength:275044
FileModTime:1441050280
NameArray:0,Win,1,Poppins Medium
NameArray:0,Win,16,Poppins
%EndFont

%BeginFont
Handler:DirectoryHandler
FontType:TrueType
FontName:Poppins-Regular
FamilyName:Poppins
StyleName:Regular
MenuName:Poppins
StyleBits:0
WeightClass:400
WidthClass:5
AngleClass:0
FullName:Poppins
WritingScript:Roman
OutlineFileName:\Poppins-Regular.ttf
DataFormat:sfntData
FileLength:256920
FileModTime:1439315457
NameArray:0,Win,1,Poppins
%EndFont

%BeginFont
Handler:DirectoryHandler
FontType:TrueType
FontName:Poppins-SemiBold
FamilyName:Poppins
StyleName:SemiBold
MenuName:Poppins SemiBold
StyleBits:0
WeightClass:600
WidthClass:5
AngleClass:0
FullName:Poppins SemiBold
WritingScript:Roman
OutlineFileName:\Poppins-SemiBold.ttf
DataFormat:sfntData
FileLength:279164
FileModTime:1441050280
NameArray:0,Win,1,Poppins SemiBold
NameArray:0,Win,16,Poppins
%EndFont

