%!Adobe-FontList 1.16
%Locale:0x409

%BeginFont
Handler:DirectoryHandler
FontType:TrueType
FontName:ArialMT
FamilyName:Arial
StyleName:Regular
MenuName:Arial
StyleBits:0
WeightClass:400
WidthClass:5
AngleClass:0
FullName:Arial
WritingScript:Roman
OutlineFileName:\Arial.ttf
DataFormat:sfntData
FileLength:774476
FileModTime:1299744000
NameArray:0,Mac,4,Arial
NameArray:0,Win,1,Arial
%EndFont

%BeginFont
Handler:DirectoryHandler
FontType:TrueType
FontName:AkzidenzGroteskBE-Md
FamilyName:Berthold Akzidenz Grotesk BE
StyleName:Medium
MenuName:Berthold Akzidenz Grotesk BE
StyleBits:2
WeightClass:550
WidthClass:5
AngleClass:0
FullName:Berthold Akzidenz Grotesk BE Medium
WritingScript:Roman
OutlineFileName:\Berthold Akzidenz Grotesk BE Medium.ttf
DataFormat:sfntData
FileLength:49848
FileModTime:1425317875
NameArray:0,Mac,4,Berthold Akzidenz Grotesk BE Medium
NameArray:0,Win,1,Berthold Akzidenz Grotesk BE
%EndFont

%BeginFont
Handler:DirectoryHandler
FontType:TrueType
FontName:Poppins
FamilyName:Poppins
StyleName:Bold
MenuName:Poppins
StyleBits:0
WeightClass:700
WidthClass:5
AngleClass:0
FullName:Poppins Bold
WritingScript:Roman
OutlineFileName:\Poppins-Bold.ttf
DataFormat:sfntData
FileLength:277756
FileModTime:1441050280
NameArray:0,Win,1,Poppins
%EndFont

%BeginFont
Handler:DirectoryHandler
FontType:TrueType
FontName:Poppins-Regular
FamilyName:Poppins
StyleName:Regular
MenuName:Poppins
StyleBits:0
WeightClass:400
WidthClass:5
AngleClass:0
FullName:Poppins
WritingScript:Roman
OutlineFileName:\Poppins-Regular.ttf
DataFormat:sfntData
FileLength:256920
FileModTime:1439315457
NameArray:0,Win,1,Poppins
%EndFont

