%!Adobe-FontList 1.16
%Locale:0x409

%BeginFont
Handler:DirectoryHandler
FontType:TrueType
FontName:Arial-BoldMT
FamilyName:Arial
StyleName:Bold
MenuName:Arial
StyleBits:2
WeightClass:700
WidthClass:5
AngleClass:0
FullName:Arial Bold
WritingScript:Roman
OutlineFileName:\Arial Bold.ttf
DataFormat:sfntData
FileLength:751104
FileModTime:1299744000
NameArray:0,Mac,4,Arial Bold
NameArray:0,Win,1,Arial
%EndFont

%BeginFont
Handler:DirectoryHandler
FontType:TrueType
FontName:ArialMT
FamilyName:Arial
StyleName:Regular
MenuName:Arial
StyleBits:0
WeightClass:400
WidthClass:5
AngleClass:0
FullName:Arial
WritingScript:Roman
OutlineFileName:\Arial.ttf
DataFormat:sfntData
FileLength:774476
FileModTime:1299744000
NameArray:0,Mac,4,Arial
NameArray:0,Win,1,Arial
%EndFont

%BeginFont
Handler:DirectoryHandler
FontType:TrueType
FontName:Poppins
FamilyName:Poppins
StyleName:Bold
MenuName:Poppins
StyleBits:0
WeightClass:700
WidthClass:5
AngleClass:0
FullName:Poppins Bold
WritingScript:Roman
OutlineFileName:\Poppins-Bold.ttf
DataFormat:sfntData
FileLength:277756
FileModTime:1441050280
NameArray:0,Win,1,Poppins
%EndFont

