%!Adobe-FontList 1.16
%Locale:0x409

%BeginFont
Handler:DirectoryHandler
FontType:TrueType
FontName:ArialMT
FamilyName:Arial
StyleName:Regular
MenuName:Arial
StyleBits:0
WeightClass:400
WidthClass:5
AngleClass:0
FullName:Arial
WritingScript:Roman
OutlineFileName:\Arial.ttf
DataFormat:sfntData
FileLength:774476
FileModTime:1333353600
NameArray:0,Mac,4,Arial
NameArray:0,Win,1,Arial
%EndFont

%BeginFont
Handler:DirectoryHandler
FontType:TrueType
FontName:PlayfairDisplay-Bold
FamilyName:Playfair Display
StyleName:Bold
MenuName:Playfair Display
StyleBits:2
WeightClass:700
WidthClass:5
AngleClass:0
FullName:Playfair Display Bold
WritingScript:Roman
OutlineFileName:\PlayfairDisplay-Bold.ttf
DataFormat:sfntData
FileLength:192588
FileModTime:1456729822
NameArray:0,Mac,4,Playfair Display Bold
NameArray:0,Win,1,Playfair Display
%EndFont

%BeginFont
Handler:DirectoryHandler
FontType:TrueType
FontName:PlayfairDisplay-Regular
FamilyName:Playfair Display
StyleName:Regular
MenuName:Playfair Display
StyleBits:0
WeightClass:400
WidthClass:5
AngleClass:0
FullName:Playfair Display
WritingScript:Roman
OutlineFileName:\PlayfairDisplay-Regular.ttf
DataFormat:sfntData
FileLength:186856
FileModTime:1456729822
NameArray:0,Mac,18,Playfair Display Regular
NameArray:0,Mac,4,Playfair Display
NameArray:0,Win,1,Playfair Display
%EndFont

%BeginFont
Handler:DirectoryHandler
FontType:TrueType
FontName:Times-Roman
FamilyName:Times
StyleName:Regular
MenuName:Times
StyleBits:0
WeightClass:400
WidthClass:5
AngleClass:0
FullName:Times Roman
WritingScript:Roman
OutlineFileName:\Times.dfont
DataFormat:sfntResource
ResourceID:13494
FileLength:1599593
FileModTime:1445643130
NameArray:0,Mac,4,Times Roman
%EndFont

%BeginFont
Handler:DirectoryHandler
FontType:TrueType
FontName:Times-Bold
FamilyName:Times
StyleName:Bold
MenuName:Times
StyleBits:2
WeightClass:700
WidthClass:5
AngleClass:0
FullName:Times Bold
WritingScript:Roman
OutlineFileName:\Times.dfont
DataFormat:sfntResource
ResourceID:16697
FileLength:1599593
FileModTime:1445643130
NameArray:0,Mac,4,Times Bold
NameArray:0,Mac,4,Times Gras
NameArray:0,Mac,4,Times Fett
NameArray:0,Mac,4,Times grassetto
NameArray:0,Mac,4,Times vet
NameArray:0,Mac,4,Times Fet
NameArray:0,Mac,4,Times Negrita
NameArray:0,Mac,4,Times Fed
NameArray:0,Mac,4,Times Carregado
NameArray:0,Mac,4,Times Halvfet
NameArray:0,Mac,4,Times lihava
%EndFont

%BeginFont
Handler:DirectoryHandler
FontType:TrueType
FontName:Times-Italic
FamilyName:Times
StyleName:Italic
MenuName:Times
StyleBits:1
WeightClass:400
WidthClass:5
AngleClass:1
FullName:Times Italic
WritingScript:Roman
OutlineFileName:\Times.dfont
DataFormat:sfntResource
ResourceID:21585
FileLength:1599593
FileModTime:1445643130
NameArray:0,Mac,4,Times Italic
NameArray:0,Mac,4,Times Italique
NameArray:0,Mac,4,Times Kursiv
NameArray:0,Mac,4,Times corsivo
NameArray:0,Mac,4,Times cursief
NameArray:0,Mac,4,Times Kursiv
NameArray:0,Mac,4,Times Cursiva
NameArray:0,Mac,4,Times kursiv
NameArray:0,Mac,4,Times Itálico
NameArray:0,Mac,4,Times kursiv
NameArray:0,Mac,4,Times kursiivi
%EndFont

%BeginFont
Handler:DirectoryHandler
FontType:TrueType
FontName:Times-BoldItalic
FamilyName:Times
StyleName:Bold Italic
MenuName:Times
StyleBits:3
WeightClass:700
WidthClass:5
AngleClass:1
FullName:Times Bold Italic
WritingScript:Roman
OutlineFileName:\Times.dfont
DataFormat:sfntResource
ResourceID:22219
FileLength:1599593
FileModTime:1445643130
NameArray:0,Mac,4,Times Bold Italic
NameArray:0,Mac,4,Times Gras italique
NameArray:0,Mac,4,Times Fett Kursiv
NameArray:0,Mac,4,Times grassetto corsivo
NameArray:0,Mac,4,Times vet-cursief
NameArray:0,Mac,4,Times Fet Kursiv
NameArray:0,Mac,4,Times Negrita Cursiva
NameArray:0,Mac,4,Times Fed kursiv
NameArray:0,Mac,4,Times Carregado Itálico
NameArray:0,Mac,4,Times Halvfet kursiv
NameArray:0,Mac,4,Times lihava kursiivi
%EndFont

%BeginFont
Handler:DirectoryHandler
FontType:Suitcase
FontName:Times-Roman
OutlineFileName:\Times.dfont
ResourceID:20
MacStyle:0
FileLength:1599593
FileModTime:1445643130
%EndFont

%BeginFont
Handler:DirectoryHandler
FontType:Suitcase
FontName:Times-Bold
OutlineFileName:\Times.dfont
ResourceID:20
MacStyle:1
FileLength:1599593
FileModTime:1445643130
%EndFont

%BeginFont
Handler:DirectoryHandler
FontType:Suitcase
FontName:Times-Italic
OutlineFileName:\Times.dfont
ResourceID:20
MacStyle:2
FileLength:1599593
FileModTime:1445643130
%EndFont

%BeginFont
Handler:DirectoryHandler
FontType:Suitcase
FontName:Times-BoldItalic
OutlineFileName:\Times.dfont
ResourceID:20
MacStyle:3
FileLength:1599593
FileModTime:1445643130
%EndFont

